%ATOMIC_POSTION (BOHR)
0	61.722094468235	45.803732312824	38.930214654749
1	1.811364313886	21.192838084584	10.224076431725
2	10.324904061888	61.366162368193	60.985935810122
3	43.761282735554	40.557026292377	36.255608074758
4	39.626174993765	51.444675876073	52.436142426585
5	19.238494574814	61.505027222496	62.666748974263
6	11.552341685003	28.362459295325	6.491074045467
7	61.659975646284	52.600389612609	7.323239819457
8	0.382535185345	38.968618456858	51.973154424582
9	21.453867603840	11.216021990911	50.771582217394
10	8.745294924468	16.187302836143	55.853895799540
11	14.151630275502	18.219339190332	51.425852102688
12	48.012156454704	35.011951498923	10.614257798859
13	39.291640218452	31.840439910617	24.127970510791
14	23.539539925923	8.993606868268	31.720807584943
15	26.564083410938	20.677168975585	32.158905345630
16	23.591334421558	59.311496988171	7.144502266091
17	33.064231252126	67.428460062173	59.874132758798
18	53.043375422163	50.824044253752	7.749709732813
19	53.431703459882	1.978167632167	29.295149181564
20	44.948591871765	37.025625366228	51.742126588496
21	17.805711721229	44.426846528592	58.896923755623
22	7.835300469519	64.277374543634	20.080821027061
23	61.186065001891	29.424596754035	49.340802577763
24	17.490498659795	54.490934589177	36.287343410560
25	29.639882716467	43.762364985072	51.615479259988
26	6.746559411051	29.048972082090	50.915958557013
27	42.325757899392	21.928864597869	10.519913921917
28	20.917962505386	16.080847787766	30.905682256511
29	9.165917544333	4.719742991610	25.686114440455
30	62.826609722969	39.648049773424	35.260145183114
31	42.388074021317	4.089980164292	46.044816946975
32	3.839097790525	37.887066570922	67.329779903814
33	2.386898658377	66.984154360899	7.268111969084
34	60.257611834537	24.620129859028	35.644595754942
35	7.110703172399	10.017855449960	39.976358819117
36	13.904750847840	35.026941753846	38.750971883292
37	14.381784516781	48.301397624250	35.366582824937
38	48.039316378171	23.173878138819	5.673241731056
39	33.433609313467	15.741988628444	37.131240738502
40	9.227533503156	45.845866680903	14.744169919045
41	66.582693208172	8.201948933123	40.461926429004
42	9.688688521392	22.206782527118	21.833079690087
43	41.139862206811	1.255511475490	35.051648073246
44	63.696110762501	54.441642576440	14.886298997997
45	17.670333512265	45.584272320572	12.462191301637
46	11.613511612287	54.794431891796	33.787489495824
47	48.627364235988	3.801232587758	62.187127140860
48	6.668465516894	36.528249609396	50.959583897162
49	42.487471098493	28.214088315318	2.507634605238
50	5.028154628595	56.285281431650	32.150695815413
51	12.571729857364	30.281083627311	19.811760298575
52	4.248276911410	28.857295579954	20.051101722666
53	7.352530482445	23.917211412752	45.022173508070
54	12.489200448902	13.824467961393	33.649011930912
55	7.013380180789	67.548118434938	31.132111718319
56	59.023577284479	26.686674858839	28.524514878681
57	10.349117537757	24.898165900639	68.016101591520
58	46.901869076874	37.750212943233	16.785660328149
59	49.258792224386	42.214604791565	33.667854904759
60	8.047020490400	21.750874480517	31.116660304245
61	60.290708318153	20.327745520617	3.893065161854
62	37.714412880495	55.037381641975	16.039245211308
63	61.939938195889	67.433464263768	50.393316206396
64	57.466063320610	54.427024035679	32.140183236139
65	64.311170830153	17.391621785877	40.741375032315
66	25.766360078235	62.129470778186	19.586951360974
67	66.091000735101	25.986215589025	54.089757094184
68	56.470286674289	48.777444880760	49.642016692619
69	19.529546228127	35.865214646057	43.529333526589
70	33.991098070789	3.994073688480	18.253797593201
71	50.507883056050	61.220951929968	53.874422941722
72	55.803794144337	25.750048310216	47.479270437848
73	62.554355747384	34.027212774482	10.844575129843
74	23.861197195095	4.516270263691	36.995532699649
75	42.453717209835	47.538984610341	26.540656313542
76	54.618647266715	47.936065628331	35.744039648324
77	24.177730207113	26.615190125289	34.159646188254
78	64.806452318683	46.581356966439	26.028492939454
79	40.725455473752	60.934284960506	13.850843726502
80	28.279547888810	10.014691366265	2.727322302544
81	57.561904290979	23.101602088893	15.343166758476
82	52.340385936733	6.169377914812	21.547624481084
83	24.692372014816	61.126331476058	39.216897465891
84	0.924856778875	50.439341478515	12.820781162157
85	14.299079387146	33.590948413773	31.093168469330
86	42.496526777846	12.675115037341	19.306112338524
87	62.335097928116	32.595203683624	36.570518615217
88	65.650199133377	58.019781695454	31.414035166862
89	12.658035914850	32.115372689445	46.799822373295
90	58.368885710912	24.498940624741	62.106553381837
91	56.867755672551	11.368587385011	67.409334078386
92	31.669834704827	31.150399886429	9.015348851506
93	47.590764617711	52.909439249217	62.113040251333
94	27.611572445860	55.274266903134	20.013000514570
95	6.006365078593	10.286224179448	16.971430483503
96	65.535645610568	23.632725493216	61.395896090934
97	2.475529148702	10.036370176027	35.591590984543
98	26.280089178730	7.778454948354	18.398257948373
99	67.419666418611	9.177451567425	17.287684380514
100	48.950438738615	44.889470207114	48.555549029254
101	41.272821435429	52.872320711479	8.119568878189
102	2.342104122473	5.918893690899	48.982207543748
103	26.933394697079	25.728642119884	5.060113658264
104	29.888090844137	26.362362700972	13.425442226502
105	55.076985541593	25.189646423713	6.768772618183
106	2.769593979005	50.236585668393	39.061020490760
107	9.111921285139	23.237073241242	37.629481275370
108	21.345877904872	13.331673678352	63.049885411392
109	43.116218932878	14.691625164576	65.176264609208
110	8.977345623474	67.560080387393	11.534602351979
111	18.443974525039	27.483096888016	30.663546427303
112	60.725965183492	66.468391090745	22.067602217204
113	13.076672144904	11.026166121244	44.545130161571
114	47.269964046072	16.104367259968	9.318078021543
115	2.093888383329	16.621994061265	52.739035664236
116	43.229687477041	16.207109855399	55.005383579690
117	35.478612977437	46.321258166031	48.968648975019
118	29.180228360861	50.952531396501	6.170094313542
119	33.895590144753	63.996378376357	42.082651565253
120	21.132023256548	7.357053618315	44.677809210666
121	10.598278687781	17.938466486470	45.583155437281
122	49.870029867154	37.454599880193	37.397622139537
123	10.279863806134	4.258533299766	38.413239571035
124	49.529789527950	59.262039587476	60.424835706755
125	11.088275502608	9.931568236706	60.511932195851
126	44.889093300579	62.986316385541	31.929991278582
127	55.792300712046	56.039786667297	48.261000031181
128	63.355384549115	6.482466741109	51.907000705810
129	17.285065623153	4.304556879209	10.214448135020
130	39.722308911902	31.883480890246	50.775437767679
131	62.282350678976	42.995392421861	48.136206981746
132	9.296432746967	18.009495510205	15.427120893779
133	12.186093382800	42.176746676935	7.855685677331
134	60.547223856912	37.632313144299	62.339068261084
135	35.859380761178	18.297516572830	8.595553352583
136	10.082856113969	39.556424681016	32.714426714540
137	30.085730197098	7.893198628047	64.364913643185
138	26.259531631014	16.056455326770	49.481311466420
139	55.612473673042	14.675216089138	60.621081662951
140	45.137960637969	65.535438161118	58.972440603198
141	67.630654866209	30.871667885408	32.111678209116
142	50.874931481160	13.759972855475	66.166447875582
143	0.509198363950	32.113544582562	14.469875114763
144	11.104529494520	1.530269928799	63.167600777619
145	26.175223484637	3.055942483257	62.908593978042
146	27.093655578820	3.537965771004	45.226049483919
147	8.382500269152	12.773749758230	27.972713351790
148	27.428063096678	16.258516282683	6.303901365150
149	6.611711603424	8.024031161004	67.714240637969
150	61.778361166523	1.775079733609	57.346403744095
151	41.540843765638	59.719109945577	53.083942176198
152	13.454116788050	2.241207283495	46.024484424771
153	62.981025087495	35.785926378171	47.566271911638
154	20.132023508636	24.984259440833	21.598181947353
155	19.769641997430	26.779396996297	44.820921179561
156	19.773921215655	26.440871955668	51.468791684683
157	49.695145692960	10.729188805870	52.536317671681
158	20.128572694736	36.626906451869	36.639774646624
159	15.898663958200	49.690046665408	42.895850145509
160	12.904632977248	27.495177945690	42.089384794588
161	37.621896316944	17.911343468990	21.989636270834
162	16.331195757285	6.469303197627	58.864098498810
163	16.584585624249	30.299899126385	0.926765259817
164	49.169940769115	25.963493939114	67.188888694207
165	38.514332282589	43.584119464077	21.049265102990
166	44.496500819571	41.459459996410	0.042393537744
167	9.737166971333	41.973449225595	23.550772848181
168	10.390027991213	57.145739881705	54.452732680563
169	6.970989153936	33.274886176916	24.366125032503
170	18.204937216411	9.180206374428	22.381593396387
171	24.175326672966	15.123625751654	55.836315195964
172	38.410480848672	15.742394283042	15.160794218092
173	30.826693697797	43.820230501909	42.740493152047
174	6.521085974527	12.529270983597	49.016074110322
175	12.759766444669	10.619937726917	52.594711555237
176	49.142644661742	20.160041576402	38.420417912620
177	26.411531583394	12.074207387638	43.132977678295
178	34.844899385465	53.459114297404	9.903992958067
179	7.623573906459	7.251016280245	31.518412830417
180	37.367440342984	9.302994103046	6.107126775521
181	43.692084751881	11.984329553422	49.323476526891
182	67.487980165729	61.639913536038	16.325273577630
183	67.552648258628	14.106581795420	2.316832054235
184	29.418074091803	10.440897810065	58.158784390756
185	15.269258723497	20.813222572471	30.595505875506
186	26.050795193318	42.745291795420	36.609575223365
187	34.132474652482	20.032268856533	30.591210147020
188	39.865000664236	20.926820069164	34.453677787521
189	4.515169525984	44.901921011566	66.418060194831
190	61.471219366946	17.969853766828	32.731122401074
191	6.604516321082	2.906512571072	57.093580739258
192	53.259059167203	29.477117634265	30.063551884992
193	18.283974147190	42.219086665030	4.995655236933
194	2.972273827242	16.604664785593	26.652474607317
195	1.167006436029	62.915398000870	26.989160699762
196	56.529932023698	17.550559881950	37.602902381799
197	40.862441615519	41.736538859557	10.009824389112
198	11.163079989153	39.618710913489	1.669799056901
199	40.933029209532	23.448392046374	51.642993221022
200	11.474018859065	9.472847383839	21.713679740542
201	37.384537107601	23.857044950112	26.027420030236
202	55.439887244795	45.323087467970	22.940752934541
203	7.656758478665	34.636649579161	36.242112013493
204	41.106501060320	11.468044713614	58.858440185193
205	37.983657065838	47.340653173779	14.294723868854
206	50.762089556862	44.213299428739	18.133844564270
207	58.652828463662	58.986815408746	10.847704917042
208	3.165711926037	30.153019865075	37.304703640728
209	15.875504417835	49.958912912620	55.018769288145
210	17.352388299312	37.244371388942	56.387443629012
211	63.948198394687	49.967919048151	59.970408779244
212	13.863049060906	25.191237894290	15.514454074625
213	8.064358459844	52.548552186213	14.814276897181
214	37.120788469330	6.150843775502	63.342871650668
215	3.040540855116	61.705338860880	4.149188268831
216	38.384421719831	22.998894342946	4.034339980290
217	11.561782748819	63.814078210251	42.695849999812
218	26.289164661552	35.055990592616	50.434925944103
219	50.013866511585	52.651515485847	35.811183567218
220	39.584941627424	53.579349316490	64.143769745267
221	58.901855176689	1.385931278767	42.098872576818
222	10.107626364715	20.256045421596	8.382323433369
223	64.618290067653	62.550298327602	7.905092265732
224	36.266416611928	21.233047023697	42.435723738993
225	4.525670462943	49.344973602178	28.473029770022
226	35.389460882498	62.199473971428	10.209108280226
227	64.493965645528	32.632570644583	55.048123045845
228	6.119732615575	30.060042003478	44.113315351110
229	32.141158547376	60.240854456519	58.053722428664
230	13.416504929589	39.439306120413	47.273639748290
231	2.444692336993	42.194633510904	27.325326365320
232	32.888522781096	50.780650728297	67.087576885938
233	24.696306458672	31.981048281871	43.980856281795
234	51.810046610417	15.548998816206	33.283253942893
235	0.898424810335	54.574265947316	47.911601347368
236	47.449435410825	4.275985550418	3.123618318890
237	36.252644733551	9.736537115367	37.722608832156
238	64.908714882839	43.882290589214	63.758609374694
239	65.711603986357	49.843136319023	20.641280432367
240	31.579833812125	44.439188735592	10.322368383575
241	42.931221430894	37.801069081032	23.146321838316
242	17.667718545429	44.238191558639	66.448658681924
243	5.261691204411	4.290980082184	43.450705936922
244	54.549264838808	26.588532931706	57.217245264750
245	33.049319629805	64.279457405799	17.558908524642
246	18.663066712215	15.444341606429	24.082161054651
247	11.247921913017	64.607560067842	50.542304198761
248	60.498550188973	52.783794617144	0.727198857890
249	19.577707842322	33.215759769077	62.778605901018
250	9.752712694225	28.391302541102	61.744530246987
251	34.524049189690	39.754133428324	49.140991162176
252	18.988378289618	55.378542278054	18.881632217563
253	35.995177902982	39.152519551760	16.547508290639
254	52.806876928645	44.490491651613	55.503357108735
255	32.995380498130	64.032518474055	35.030683370309
256	53.907517679240	56.744816396123	65.097748131639
257	5.698860409974	41.578163035074	60.541300826752
258	7.231573115859	56.425375944481	48.670691697155
259	22.414519983560	55.599502421294	49.142734256397
260	15.701554753940	28.718798041877	56.075266286520
261	55.429199175140	1.362665562425	48.146132649005
262	40.607320855853	29.103719766809	43.992778273745
263	5.018462911221	67.959844323672	49.250427424507
264	44.927281611551	0.153685735716	22.146250100344
265	5.384309988662	39.806605917269	14.319463299860
266	41.858003615595	47.640906519144	60.399409362033
267	19.500485663291	64.252503077215	42.813300931820
268	62.140074444613	26.689772184134	1.204009732412
269	16.487972843059	20.223120099399	66.795848248801
270	8.968994992857	48.818242295628	7.669247933936
271	67.962437306778	53.677981712651	26.094497394271
272	28.502966322046	23.325844110322	65.250121748744
273	53.920090173288	64.042723260895	4.952918640028
274	24.566505531578	36.451545100722	67.990737700972
275	49.427198820062	8.364455562380	27.899955352243
276	49.602409344269	1.632805428123	16.803161624797
277	63.534005500965	9.313856013360	31.608085409880
278	58.578841450547	31.474147698515	59.415041834159
279	60.363412375941	6.414125048074	45.901485550664
280	26.866034888507	32.465020374353	31.880231296724
281	43.412945911033	24.226089523603	22.551417322461
282	29.367868783968	37.471223876186	11.902208125364
283	29.464311965872	31.247892119884	54.518127880306
284	29.340869897011	14.458458107034	32.416933037530
285	45.060186097170	17.092526198326	32.831994576704
286	7.228189889395	56.419705267774	39.921770065196
287	47.334463682491	17.364870454534	2.037526552704
288	55.925572335501	3.635590701198	35.864277472127
289	40.841325535546	49.751695563892	20.390599848445
290	32.586546182585	38.720973882044	63.895958443820
291	57.804047744058	6.681833326090	27.610572144639
292	49.729163481992	65.804260283458	65.490434568579
293	38.414804665899	14.872119145527	31.797600000000
294	52.475182313391	20.466382104577	60.978660853208
295	8.552277275218	36.676897827205	42.176370023244
296	12.636038012113	65.314751220191	35.540338980499
297	23.648604392079	6.309633869213	24.888959625270
298	31.354717665823	38.677546702635	34.295781936015
299	0.769733090841	20.808036908803	45.324167724593
300	48.495119833328	40.231926716241	5.483706695170
301	34.307504581050	2.276883834215	24.388158984845
302	42.368246767830	54.034690098266	27.080437777505
303	51.205371862694	30.916172186780	50.744039537776
304	1.671177569613	20.186558690427	58.428311830191
305	26.179462708909	26.111670551798	41.360177847047
306	58.842886330550	36.823863461583	40.347820327488
307	14.376452972524	58.693874645112	49.266066863450
308	45.376673515062	50.349723405269	15.207589974943
309	27.096076530104	56.902635199555	43.577046852111
310	12.944779046733	61.263812583810	13.748616456442
311	9.436914285858	20.791600305756	62.683747708531
312	24.666037967989	12.964780335311	25.479156383651
313	19.322737800371	0.520251985185	62.542207398618
314	56.385512222685	36.344749561019	46.681368159795
315	30.227083398277	6.499186413659	38.736684372237
316	41.811632569826	59.661832652029	3.930252231509
317	26.481288080994	35.616563612571	24.964729656450
318	10.815869080974	9.111065191939	4.199607571885
319	23.737053375789	48.596836262520	49.386712337769
320	59.554344441779	30.733776472656	42.694871881402
321	40.296056517821	15.365202015099	3.383364623663
322	24.351960924638	41.032882262936	46.390925350921
323	35.085590423675	8.752770257115	55.113675848861
324	49.120579210099	46.084049828981	61.568974345592
325	35.376417945123	14.785052854076	60.160862192450
326	49.122463853510	38.045320699196	45.788658134284
327	31.675639366001	36.320885810311	2.644497677369
328	62.497939332364	27.454091980612	9.100115780434
329	12.716603068427	1.231936088429	55.596131954723
330	2.254281743755	56.297325462225	66.014571127595
331	0.338828296600	43.767482322462	40.950938101592
332	59.613758406214	44.287512200008	30.100051328093
333	63.795741499302	1.572368981233	36.364464449148
334	31.758956961148	12.404389489172	9.277150131317
335	41.719393051892	57.265657984996	40.692025070676
336	26.496205812578	32.883264464077	5.579571854076
337	16.205555234571	48.155162803962	5.603394505934
338	5.662652915397	9.250985102139	55.894428485393
339	43.173983791338	33.395874160778	30.480014277184
340	34.660064284932	3.419090236593	46.577617910164
341	64.932827909786	21.821874346914	16.533613895197
342	64.522846972109	25.771282282400	24.416342928305
343	5.020484366832	47.959185254734	53.146368362184
344	36.845700775918	47.474975702219	5.740792813825
345	14.848536434276	13.964194874107	18.434007891134
346	32.364059930270	57.241123730678	38.867113351601
347	19.780160487736	51.394602804906	0.544495000561
348	12.673043709834	63.466788960846	6.737641620923
349	9.202369427567	5.340770178049	50.749939529461
350	3.538920892248	65.272830144375	40.802708948185
351	27.465391676557	43.339270277978	16.355241584867
352	0.388784192747	49.526033447788	6.276957500359
353	57.985771127594	66.034613562116	12.478078712593
354	4.392121796251	33.170415911977	3.564160502589
355	32.305651007786	8.159997171870	30.597292835520
356	4.373944080729	65.066575331646	62.513738075325
357	66.952388134851	58.452015306702	42.307381776901
358	65.345439215580	1.067202226225	17.360301668053
359	17.303818678654	35.408187363091	5.464315452644
360	9.819921673930	52.518852154088	59.479274980537
361	37.780462576629	36.903989374127	55.573652201709
362	41.511214207076	5.933739862618	0.587724343014
363	48.330759806872	22.222770115651	53.552639964096
364	23.701467700783	67.735556216411	6.991548712839
365	46.079919422314	18.928471550134	18.642486559999
366	15.051919194849	18.050130340641	60.238749462377
367	29.937801863072	50.791004591444	48.440745275143
368	55.453484587098	48.489937274841	15.704047830398
369	22.014645593938	67.145577838922	23.387800811255
370	64.399993555124	58.193148156772	22.911355129635
371	0.894225776465	26.430543496353	47.858132821536
372	48.727031991384	14.911948838656	27.124177520504
373	29.925539961639	66.361503884124	6.735215038569
374	19.923304119582	29.887085346007	39.109855990212
375	54.444298314374	7.329933845667	61.777940919726
376	30.682347421105	46.631565179146	21.679093059262
377	57.763613741072	52.694740874372	39.456273021657
378	46.256853384482	31.434985466571	20.952435024189
379	67.489747463057	15.374169286840	33.112489667599
380	47.495946462074	11.101556028195	4.298759475264
381	29.179973386561	8.515171387203	50.238522423184
382	27.379547021241	18.435410941438	12.758494638290
383	43.513033657168	20.788488911335	44.269726178617
384	40.006092813788	25.906089132432	17.460351214294
385	62.357387801505	56.757715449753	61.482675143619
386	36.464722114971	2.035348417174	53.244964002231
387	37.232416739673	39.659466756870	4.096244527552
388	36.764440743415	25.727616316188	62.420536399903
389	1.370353623603	36.418546223403	9.589058669413
390	38.354798994294	9.488512716203	44.935337848937
391	33.269956072981	34.828824814619	26.731700817114
392	33.638910945803	26.262109078197	55.025184825202
393	55.908698306437	38.604288329303	33.575315926717
394	20.146937104010	48.596436303149	20.907507324540
395	28.942196350203	67.702573752221	38.632507464379
396	41.596127360634	43.125086333762	49.444812460789
397	23.883035372274	63.280980775729	32.207910979629
398	67.738032540724	6.653917086549	3.696111036755
399	25.622756777278	56.775202770325	31.538124199328
400	60.014084345781	12.971439676084	52.170996376659
401	55.544036591898	42.064032061492	49.823735584490
402	36.101506534639	47.217513128993	27.886391838316
403	52.965938818361	50.483724115992	1.358733195176
404	16.215237488738	21.337887194906	44.615043276957
405	0.297339149522	44.641652611777	56.852165789146
406	66.778694645490	50.565987830985	66.221730651386
407	35.840598819306	55.337432260479	2.512780665558
408	30.095668534903	66.433135880042	66.591665256435
409	34.773749109755	63.696996420123	3.755853223176
410	66.410297902794	42.417763934768	10.037340268850
411	59.551912449262	31.946120210704	4.787356565025
412	35.989333850108	11.354435608375	66.637083220077
413	15.940874549473	59.192025531956	30.754137862920
414	23.534024228807	47.091819715031	6.535823498677
415	63.486579410976	8.620984999395	63.741713588005
416	33.932709002797	53.666327803206	57.463036282929
417	62.635688815149	46.653076283496	13.674477387524
418	15.582991159643	36.473250078802	24.445210751729
419	37.714547173930	44.807985465249	41.965278454024
420	46.630495235648	49.055037426963	53.749803586304
421	56.972156546167	10.761176575608	12.144945550947
422	6.872353629937	45.806464093693	34.971513449677
423	35.784438431347	2.293357151574	38.491932416003
424	6.852859338807	43.273981252693	44.415091344723
425	7.657569785442	55.829410572774	24.014566516876
426	12.713966939643	45.602412177332	47.107027332666
427	44.963990737179	8.888242634132	63.757714612987
428	6.807645034355	3.836965079935	5.920368414018
429	57.239628583092	45.722418789637	67.036131652180
430	17.497909456650	50.986814004498	62.157700718849
431	62.173864793077	17.104162390472	57.488362137648
432	11.597880551627	47.251680795760	64.031897342304
433	37.436911965305	52.497076604370	31.405966549001
434	56.300804789675	31.791822826827	65.765093502023
435	51.698220326733	25.342438885068	17.283826911448
436	56.651532078689	6.266161960637	53.740550612836
437	67.492727867834	32.215714386788	23.894317143694
438	7.568485358555	29.605153139386	31.107545858499
439	46.028173970672	1.079533512448	40.407194909672
440	57.300015885522	65.321735269663	54.650177620848
441	49.743029920444	44.407431173136	27.125401130618
442	43.563451627424	58.282941339999	19.234414271137
443	26.985420554254	61.278132111003	53.153705110549
444	64.421889952758	39.526078690616	42.364681588118
445	55.793129530028	56.983804242603	25.361979674402
446	30.463530206924	19.050791932613	60.351889376206
447	20.943200092974	63.119934766432	49.693612276353
448	17.456290517234	37.623927143884	67.072910191240
449	38.992593168488	67.717823838392	14.557142488794
450	64.315164772857	61.541717735554	56.948304479573
451	20.743719202918	49.043082472505	37.774579514910
452	50.797451505349	67.464924697457	54.310549740165
453	27.431199352584	26.140176745909	26.600347608187
454	61.170768762993	18.165912313882	65.081359540800
455	58.801137613856	40.071019482596	10.756848289448
456	39.689967188103	36.578558158283	44.280421680714
457	5.841535647096	29.837481949243	9.573412634926
458	48.189390453722	30.624838117087	34.737000216940
459	18.192170275804	44.838712703051	27.020742019540
460	46.922053163008	23.810534719000	32.812954259988
461	66.449800850562	39.299119994520	15.919095006482
462	12.820726316395	28.346464868854	34.555977124608
463	27.260852197362	67.232517780529	13.273587938566
464	39.784923350278	29.013789333498	57.005828111230
465	34.701172251030	30.184451208852	39.642344852036
466	18.016761782758	11.417642280358	8.522181115878
467	48.404393991837	13.643476941778	60.006281171247
468	26.151856683171	40.995827296195	4.292374277316
469	18.862553746457	7.945972865055	15.844929624268
470	51.313342719491	60.102942809253	32.104112149742
471	26.252028781700	22.589509073661	52.545537715145
472	51.874486303338	16.629156594203	54.916823488984
473	39.348478811747	62.095934514155	36.134152509166
474	5.309914387146	17.304968569844	36.974364148305
475	4.061360369761	0.890935902532	15.945140898900
476	13.632729836540	17.806179681337	38.805746736650
477	3.832753437186	23.817637896368	64.467903798519
478	21.021669072906	60.868285279301	0.854942749562
479	39.901441422768	15.307037571469	40.526867293549
480	23.764282652784	27.056573732946	60.349283411694
481	64.022417481954	64.501673117844	43.176220127745
482	21.841101401414	49.106423144299	30.919263314374
483	40.541621538796	5.160838854775	24.025090151556
484	3.144126431309	0.413179112153	23.585388823652
485	46.787635236782	28.204811796743	28.120520815602
486	30.941829310821	50.615366984014	42.102318873730
487	41.246667537134	4.775977478665	9.471152624646
488	11.306867239030	48.075864313278	25.667065647228
489	34.519094201029	56.066623252202	44.743991210364
490	1.970169542311	55.799060208248	17.597450137723
491	15.868308215806	56.515476696210	65.948725546507
492	29.197973913225	27.494709830304	49.156250806721
493	48.201773830644	12.099689290298	37.112144118448
494	48.799073231037	5.585259034846	33.975515365850
495	12.911028234608	54.653531416721	11.124900833743
496	22.938698810991	20.490534808005	61.735485106392
497	30.542121123059	58.007230416683	6.406970605201
498	42.707796647266	34.737967117994	58.412202554519
499	36.985312782986	51.638926584906	37.985864400961
500	27.664113304358	2.501757680260	29.876567180166
501	65.350158833857	49.001143456481	51.707692125553
502	17.713786307722	65.486310601120	11.168160746533
503	42.199649650403	12.702089709230	10.045436834178
504	65.385542757475	2.662655044824	44.234089732417
505	38.014800609434	11.105423369213	25.074865433690
506	50.992078444953	53.855793342342	55.382092658076
507	56.775382246684	33.804988039987	52.712415631922
508	35.643125952795	9.254910070751	14.075978895197
509	42.626677239125	29.841396259307	63.989980830342
510	50.636153718962	22.753258406592	11.968185140066
511	37.014242429231	19.834775206357	55.596344545335
512	32.385732780907	15.616256224669	51.789863037531
513	57.200929292302	53.875968962547	18.991511750633
514	55.983360385692	12.503478195000	22.989477970823
515	38.320794461809	58.185400285537	23.895133559470
516	9.668717094146	49.799311564497	40.164777704751
517	7.501427181980	66.288120281002	0.315111796268
518	51.819298815338	50.239561911071	29.906454074040
519	43.501306323936	43.324869118637	16.954053587532
520	23.762520667637	24.125049933293	10.955365818663
521	54.738539560264	35.400511893496	25.365788911146
522	62.596152621793	43.975212266715	19.974067924525
523	29.404149448770	51.744530000001	28.300044784195
524	5.916101933595	14.584637409407	10.361515391190
525	24.621501248725	54.049409624325	37.502717395027
526	24.183710752863	5.195602790676	12.185857863638
527	16.691670478817	59.933252936053	23.639414155108
528	22.536766927889	40.983790157603	9.891413191353
529	37.632126096981	67.858595771761	65.783562888810
530	23.365060770627	7.673199451756	66.546521353794
531	21.272869595223	39.697173369931	62.280829643034
532	28.923586332250	30.617068181149	67.584742720625
533	32.493715111683	14.581535789826	25.783917144828
534	20.403762013115	60.237653286217	14.964223766186
535	24.007989533807	19.993736414453	2.521099732643
536	15.259572899316	52.623071720776	28.746386138932
537	67.353849307987	3.055137256378	61.088668245777
538	46.391142893723	26.737753146000	40.898469448770
539	60.942694784006	14.119969609471	44.918243725765
540	31.689476663140	22.498390287426	36.192591026494
541	17.426282782834	43.267339003742	50.867102628596
542	35.632018461205	18.290206930969	65.602405644961
543	3.165698568181	48.823725399487	60.780530579388
544	6.901215489285	59.558388215920	11.528532988605
545	18.727313193507	56.548761313354	42.758368695907
546	52.617368995239	14.548659478854	42.957752641068
547	57.539855092597	65.518351743264	37.115882518614
548	16.925027665048	64.052090916135	55.176372028989
549	66.194251082430	38.320516230206	59.162742529764
550	36.897719096905	31.728601007786	0.834055285769
551	64.920391480216	53.139073282816	38.887014603727
552	41.733023190975	55.656145833933	58.513809790242
553	19.720434174194	20.745215604143	56.074804221438
554	50.408833037908	0.740765629393	8.465079120224
555	59.420282113837	54.438663977664	53.867613221211
556	35.657727684342	1.426167865093	30.882977372917
557	59.820508382215	47.773186176727	55.877088516952
558	19.903416896141	27.615103762047	15.402361621887
559	16.159817021883	7.543346619109	37.153698326468
560	50.351619912507	50.592789757361	20.024749344836
561	27.791073625610	32.718341654636	61.064544304396
562	10.025827824729	7.225402177728	11.819268740599
563	31.877651751767	56.357220480367	51.045927354398
564	59.669359411354	34.146680905175	30.268652160324
565	13.934069307022	50.643426322235	19.626308551344
566	54.183684997544	17.464551767660	18.731107219888
567	17.996710600647	15.288837960089	45.359259591255
568	38.937726093579	46.312974364867	66.125905105069
569	45.349036457728	64.190572227598	16.747100102139
570	62.620492813032	23.325551827923	43.634216055218
571	40.358136623456	27.842204924223	35.798749626404
572	23.719749811596	47.998774791376	60.193902527874
573	13.521271044919	3.585932291281	32.371673283949
574	62.411013645830	55.200005469028	45.070618211006
575	12.618170368098	2.673889783212	3.224911498375
576	32.049462054878	57.957259721268	30.315531224537
577	56.862128692695	38.196619062890	19.274323921728
578	54.146773634870	26.378547541480	38.360594713898
579	20.215132520882	6.863498559035	4.495986376507
580	35.118810692204	30.406817288069	16.072452760876
581	45.916930437848	31.066647664500	47.596617227976
582	61.027536973431	10.457828744888	18.550877483409
583	22.767898069277	32.882280348275	55.956261973998
584	33.771794805360	21.113766632526	16.587226607090
585	63.913868697986	38.699653700065	26.677008325901
586	33.604953214975	3.850769455441	1.756059939873
587	0.580495591799	57.189063172834	9.771536126006
588	24.073014902302	22.128693920783	46.183951867229
589	4.162463276862	62.534643050948	34.044050575797
590	33.336846491931	62.484261659739	48.924447178654
591	20.543391812049	3.797794260479	30.844593008051
592	17.091993515874	51.675433396955	48.971394309876
593	61.475998315319	59.575996574512	38.678188114442
594	38.684990274765	40.632983233683	61.851861146492
595	48.808428608414	17.491309018387	48.688431006086
596	48.800625095998	56.773572278243	42.771076563363
597	12.341437771836	14.230541445369	65.618738199290
598	59.199639426850	13.001638794229	5.168712275521
599	21.508696330549	21.194683787558	26.612393299634
600	17.794479727711	22.890151177671	37.326176727957
601	16.648953745002	24.580261767263	9.458935613402
602	21.286101188821	30.367434072150	24.875695773461
603	37.156097736310	35.744617890699	33.697655799917
604	44.124206140255	0.764179758328	53.085000319930
605	58.619781057297	8.107045089308	39.924240390983
606	32.334820013795	26.074402644091	20.934723956877
607	27.290318199857	19.842619752258	22.646327159001
608	45.893107704185	1.409360129878	29.095722491024
609	13.244552933539	40.234565099022	62.742161157074
610	57.578291256284	46.346772182245	6.870509021184
611	26.061994506218	54.291989465022	55.184409402850
612	41.554467240070	6.917879687649	15.803140593107
613	55.545667795269	18.609570007200	27.288411924865
614	0.798121716947	33.076451428815	49.101883407159
615	56.602651131185	5.386600295004	16.885032172720
616	62.693655674252	12.695409379247	36.843563420954
617	4.791030683680	22.447853095355	51.456847810954
618	66.886095946938	14.465780457387	9.059855403266
619	25.124057640690	44.799239155864	24.598013314185
620	63.925781661628	0.021954394325	10.770802227125
621	5.474152902264	54.423915315394	5.123846079482
622	1.002499560785	67.905304914586	54.574926206585
623	56.009922392759	31.269200417628	10.650510495956
624	22.842855311048	6.122769959541	55.332829486187
625	11.864366126838	66.724785069165	26.306089239390
626	48.223698587816	66.996785228279	46.572428083262
627	30.379354481840	50.586493070412	13.833589444367
628	32.196573145811	15.528994593503	2.377516203390
629	64.232075593561	61.783881391021	65.140261564308
630	50.068534079331	67.530857791301	35.112630037795
631	4.787810334083	26.192673400923	57.128671922220
632	15.838368123436	7.187183871481	66.400159060812
633	53.570076673155	8.425827377150	6.349312852999
634	59.759002465703	5.507119132658	2.478590789845
635	45.583562786387	48.366690624174	66.898022644659
636	8.533201161004	59.139036392911	67.593218578557
637	36.682835759666	34.888271342077	10.581396595771
638	15.747637967875	26.450201482483	62.950185946371
639	54.881043712537	67.741996248725	60.709785719227
640	25.799127678673	26.906293721607	18.882491908047
641	63.975223187952	50.180507833630	32.218375476398
642	58.910029054387	50.617227938887	25.999733742394
643	27.092646554103	15.449753633490	66.049784791754
644	57.052977077177	62.389696818475	43.989385325599
645	54.090129865453	18.374013056843	7.650575619657
646	11.735464257153	43.727766296535	55.101580630410
647	2.347821696795	16.076508944102	15.580181735591
648	47.971527624250	25.170907071129	60.948594980159
649	47.160792320761	11.301363316282	44.055580981330
650	36.461953299256	24.822465755320	10.751419699403
651	52.652194512643	56.939811558072	4.749724923693
652	44.865959942175	42.499181228505	42.770199154164
653	52.821906723233	42.343831560906	40.721671469066
654	47.103528841038	43.698550457690	11.150768955724
655	51.738740199177	37.596257463624	58.172610520618
656	17.426029127669	3.080103371821	51.363069421748
657	30.385103115575	49.992724661364	35.143625768737
658	6.472681203882	50.023960596584	46.407625137572
659	49.816735779131	31.969201842852	63.436694129409
660	43.033332688500	18.631061287728	25.741439908160
661	22.774019498470	33.502722884841	11.960759795571
662	17.554792360879	32.449993836313	51.007115709400
663	49.321053446087	24.282330613780	47.108248002382
664	11.560731327582	34.045066681281	55.380872960241
665	26.674358635058	2.747060326940	1.842127312346
666	42.368718618240	19.994431492309	60.072497256133
667	50.055156457539	21.828107077554	25.413793949696
668	38.653150275710	16.504423713122	47.403207771647
669	23.329353849919	55.035909195927	61.696331628180
670	63.853011668242	31.896973744473	64.291832675650
671	3.098630352338	21.519695743793	20.631191367777
672	56.975673106316	51.233823197967	60.793996672589
673	54.568370849050	21.316592789599	0.322346353296
674	2.925084719661	14.958112156544	42.914708416418
675	1.565590224387	10.035954963396	24.669993284705
676	42.668425484713	29.306413702143	10.192414315110
677	1.009860877189	44.587765065952	48.028568325523
678	1.318092469120	44.816903119355	17.261180814336
679	25.726690987377	62.495359912696	63.359910258514
680	29.340800132470	48.216436517443	57.542628802866
681	36.801592235535	40.288656419933	27.730511400847
682	30.178805482823	19.102334681961	44.465947451529
683	53.425919619412	6.195591511527	43.012684503383
684	12.585133082600	43.071030503043	39.255684307042
685	67.350996495522	15.426432282777	62.756448933067
686	12.072319133660	52.217384341624	1.485643547354
687	53.703087653540	35.720484492045	6.101318212707
688	57.252662018029	47.507749330663	43.828830513437
689	44.410368317208	49.196883352168	32.827213933634
690	36.115351974187	0.775448771726	7.977822941173
691	41.423929713520	33.538828683624	15.383970818852
692	64.747971040290	64.525970600553	33.174211904456
693	2.819179560924	8.060367887127	10.655267244208
694	60.363613814015	0.406216167257	29.278433387506
695	43.378178485960	22.677646628369	67.091733675499
696	31.621247827961	44.961086981557	1.306042691935
697	52.415610553688	61.408056256284	13.048960132299
698	52.207748343476	66.825750263616	40.927566291811
699	63.626227407310	45.681144717488	1.965169803659
700	49.061887292793	55.870491191845	26.224607512945
701	48.833152039004	34.496256655959	28.063853721041
702	42.666259826336	34.011017594014	37.364622715334
703	8.047376402755	34.967862202465	62.274451504215
704	43.699207666579	6.638294627764	38.265832077743
705	63.040173261084	28.356765100344	16.447027455554
706	21.521179311955	13.476597785763	1.970872175895
707	63.528214086134	2.239058069504	66.780279269248
708	14.087612012926	9.669504765883	27.578603734457
709	44.614198825920	56.337980822594	33.596512824748
710	10.485797677029	35.699792845157	7.377445397634
711	54.549278348956	59.279235755131	38.693928162441
712	66.301441278772	56.950713227069	3.109814669904
713	53.330176780113	40.261398657735	13.714866208568
714	16.382482288711	32.237780065952	11.637448395688
715	60.483629816131	32.177734402472	22.681249287199
716	22.887637253676	66.546831050683	56.370536033676
717	0.070265872068	22.306236238520	3.256855011830
718	5.933778278336	15.250586903322	62.033354485431
719	24.506519006577	46.922602880873	43.305288905855
720	11.511118662251	22.600716096414	56.173500384747
721	60.808602603841	10.099242366170	58.276599837296
722	58.884413037531	59.090175800107	4.483068636891
723	30.869749616577	12.789948229544	17.574228918176
724	43.376765003969	9.074640706716	30.704236144602
725	66.430059030010	22.445855874561	31.535890271553
726	44.811812060547	49.581491897654	39.627852493481
727	23.624403857478	42.644949822934	56.097048756568
728	39.361963763181	64.699163884124	47.116578533203
729	13.010024915983	25.399106831702	49.455276251749
730	16.141994645376	2.983185390434	25.172791389320
731	43.574587756530	41.375580164973	29.339160494161
732	31.208731759137	64.822130083148	28.047845507011
733	54.729287691524	32.698433642050	35.965501606448
734	64.257332379532	19.344688837636	50.590956806758
735	3.411688519937	37.877249287956	20.593410335614
736	39.549810286671	64.096453205149	21.333452752750
737	48.886156489097	5.127975741978	49.300736114366
738	2.935323676821	33.534247087192	56.217451093202
739	68.009695393062	44.889914304963	34.037728713104
740	31.895838247100	4.655545256057	11.313410699233
741	4.086884019729	36.005632532976	30.312098648286
742	1.293915177512	36.828969938018	37.268688143732
743	26.609731202427	50.780750446352	0.127926165494
744	10.324059009808	3.503229995238	19.039751132507
745	60.855849852792	20.862898007295	10.081465397313
746	27.070954619978	42.954137692657	65.180853330059
747	49.259907299596	33.702929154730	1.862092490780
748	17.199654226426	55.383982518615	5.112881377055
749	65.877354388678	15.931579483220	20.123157148419
750	60.414688719529	61.006962197930	28.638148270910
751	52.549783294343	55.127709149629	14.089899635361
752	21.425578917004	53.453125651386	10.916316074172
753	18.557116955743	33.944834537965	17.778249093466
754	4.466127726955	58.147022622171	60.165007778073
755	38.492169194604	64.184511670699	58.342332160324
756	68.025517602707	63.807657132168	49.017805838090
757	50.385488333082	11.747462226180	15.371045763483
758	34.650173604823	60.894918786992	65.238665606033
759	2.369604759496	38.332511279905	45.262936884804
760	31.272610019842	40.155314388488	22.621734791187
761	1.716343553419	29.991548474244	61.989267505198
762	14.930587264145	65.761181097548	20.575619455384
763	58.156873440040	43.134472803395	60.393269252996
764	41.886250191051	35.703316833214	66.117285831098
765	12.829274935863	25.990890414037	27.249813357648
766	66.637636662951	30.368517094751	4.197482146132
767	30.131264154541	38.350323793039	55.775119700103
768	56.362967334934	10.219141506576	33.522483722552
769	42.042541405005	3.825281734306	59.349967149553
770	7.468954810613	25.327678674364	13.919698792150
771	57.683587213992	39.276431066367	0.892577854448
772	54.738482019918	26.970514688008	23.210739197249
773	40.365031571678	7.082614227163	51.111246958881
774	10.445432611134	36.912211997242	19.196424444991
775	47.704787936431	61.750713413773	38.050375412148
776	2.064655352583	1.202336300308	36.213128047357
777	47.528651066368	38.231423620130	62.875784222950
778	22.008165814468	26.384713545297	67.428664083300
779	33.777546397824	28.237292977437	31.508173231037
780	61.512922189804	15.149850960373	14.693459602064
781	24.888461298424	12.057735260800	10.648740891587
782	55.209540250199	2.027339772006	66.931314893421
783	52.744774027931	33.439719796478	17.654624507181
784	1.002173231575	67.093337061870	1.008012365849
785	20.892929249216	29.066542467025	6.399956074190
786	46.795336044258	49.017732055256	5.725639991307
787	5.314281263049	41.790068554557	6.432612776466
788	46.734655280057	41.278439671379	56.427164350694
789	18.964431634038	0.768357050195	1.882091553728
790	34.291802490268	53.064822821725	23.911151882725
791	27.035686916928	17.532145521241	38.402560079369
792	49.020889606373	39.284703017877	23.316808229903
793	47.035369448204	58.033719728638	7.874136615103
794	63.802446243623	14.781101873144	26.048821212253
795	29.506235006425	40.294573046034	28.846094304585
796	5.859745361068	62.393978003327	46.021988293209
797	26.762957410900	64.875207801694	44.956807649194
798	42.181558155260	60.512043086663	65.004256588307
799	1.176380913130	22.791113860879	38.567160940134
800	20.768210130013	36.033008115954	29.208014758117
801	58.028151636306	4.336985399864	9.684927425810
802	46.075220449564	28.798486073359	55.350788353680
803	19.303059033599	43.215192493859	35.410986876111
804	19.701311758759	0.794394776942	16.808956764749
805	32.753140488870	22.381898329680	2.129077505518
806	62.135570056125	41.511811984769	55.110021958692
807	56.300404018104	60.375937011226	59.888291565064
808	67.465590853586	11.190820057996	57.611898680979
809	50.597159396803	44.037724260744	67.899913018067
810	42.357499000719	35.544426877623	5.121473248706
811	40.476147050532	50.365032624061	44.746343817416
812	47.880843891115	57.150464185344	0.241243503316
813	42.807119695189	66.328136732871	8.812809441721
814	35.609173153559	33.404486293889	60.886596175404
815	7.161165676594	33.664856936393	14.639673478987
816	25.698535241695	34.120907113270	18.265929431063
817	26.250040736234	60.836675694850	26.466600991723
818	38.881107239503	45.961387314903	34.202954673458
819	60.004706989494	66.867709432330	4.630401573472
820	20.297208459126	13.419106647020	37.418593226880
821	43.108691704714	56.528899142637	46.965143434560
822	16.142050791489	38.797029579161	13.851056689728
823	20.820748676821	56.205256201482	27.019508476511
824	22.240876554670	14.094374878208	18.354588350184
825	64.931010815791	48.909000145320	45.180604169848
826	17.447435940569	12.827009963340	57.601786614763
827	50.621333706301	32.473370015307	42.726702227031
828	18.348191266507	43.351933063420	43.047287357988
829	19.138545734722	18.393204173249	7.248972565252
830	65.922548782457	55.439470953174	55.493187634832
831	19.316967937942	20.256292796024	16.342178441325
832	64.276962917156	5.538219161911	23.101766781058
833	38.034170299899	62.579972822103	28.837445384936
834	27.908607915832	0.935292082063	20.627908169243
835	6.100632275653	17.746985892211	0.908020172164
836	58.997624515100	23.715855359424	53.147307424129
837	64.317616953778	8.140297156015	10.165186639234
838	57.491260002646	60.527870917647	17.735462004177
839	9.529040231831	60.395142499339	28.682929492801
840	46.590871230206	64.120719045316	3.288267541876
841	59.095164739220	21.132430275521	21.546505292906
842	25.990575269096	37.793298386750	40.839323899241
843	43.863327422806	0.308691865220	66.664196683927
844	33.353963466118	45.842149224650	62.401385745305
845	51.731064315168	59.441405782532	19.486373583469
846	65.364201328471	38.585946311842	3.858267141880
847	47.258556987226	62.301251899355	24.046360003024
848	0.780581537260	4.702599768907	29.303206973809
849	4.358538729317	25.751499662686	26.418217569825
850	21.468332568125	40.113146922976	19.113738209683
851	57.219248506369	62.943469958049	66.876842208512
852	34.222996647644	22.889334875090	49.171330762879
853	48.733347990477	54.153334237311	49.084895356968
854	6.978926230130	48.847108978609	20.616503684947
855	67.042633875809	32.224331989494	42.027918698553
856	28.902164379796	57.052057009336	66.265681602291
857	5.559421657810	63.578068895840	56.015360233192
858	17.843486292661	56.547290486792	54.866623696664
859	27.697473657546	60.168570651953	12.479400245134
860	35.409394911373	43.102916137232	56.565907519559
861	61.171584919310	59.847962091161	49.692235480933
862	55.147422056390	19.315844019049	49.623442037871
863	15.372052975075	42.922674304018	19.432685777241
864	15.372052975075	42.922674304018	19.432685777241
865	15.372052975075	42.922674304018	19.432685777241
866	-16.939455248951	1.379773727342	4.635351100627
867	6.153866387694	7.347621426566	-10.447335913716
868	5.048121621358	1.212474610085	5.823164620110
869	1.827509238652	5.501803014967	-1.030555023153
870	-3.424067727805	-14.074550426320	-0.548472705716
871	-9.481996834555	6.638714933501	-3.779113244246
872	14.643228733172	-13.096666758835	-11.085379386617
873	0.681192466044	-3.621466288125	7.519976368344
874	8.217970738445	3.355541718111	-2.840874984863
875	-1.834420796406	0.050268870340	-5.647502590517
876	1.722288875305	0.309295852338	-4.588044747005
877	3.076009480630	10.106191907064	-3.008610587683
878	-16.356250757625	-1.452786533461	9.118858886768
879	3.220915747780	-7.033749298708	-2.147931113515
880	2.999865030538	-2.764071651310	0.000586143503
881	-5.048805186969	-1.050265508912	0.786771222070
882	15.059972423145	0.033920985673	9.836968020466
883	-14.252509150138	3.364898097377	29.245570625685
884	6.917549456196	6.489760662535	1.844890724315
885	-7.859373586247	-9.667068687120	16.745955025606
886	9.841952289542	2.335843333119	-11.128639412053
887	4.438457212102	6.591939035602	16.853452019521
888	-5.232007756699	-19.602272302053	4.238703005537
889	-4.116031975112	18.370767813240	-6.321658355758
890	-6.991999156847	9.632631235912	1.327247994108
891	24.058729678749	-9.635713247666	-2.563961562247
892	15.303348834877	-1.131469757143	-5.824672742375
893	-7.942304458464	-0.564265671252	3.883226914094
894	4.125734140160	12.231459614989	-1.671273676566
895	14.631154369534	4.128260748573	-12.095234439624
896	-2.095309360993	0.693403111860	13.554136904626
897	-6.466031624476	-7.680194867739	-1.912645876431
898	7.634483162365	4.121904729714	13.975840857799
899	-11.345819074153	-0.564306477947	14.868927236064
900	1.686087309426	-13.179502262161	-6.233101563324
901	-15.141225398768	6.025416229412	-11.320849663102
902	20.964895487358	6.951368521052	21.397481890850
903	0.569113648579	5.765884981575	-1.096599728722
904	-1.955935469594	12.275342765241	-12.635899324672
905	7.666738377376	-6.188122224763	-13.619685409917
906	5.598909210155	12.565008259307	-1.895693787804
907	-3.860313809441	2.770591986148	9.677252403303
908	-8.536600476832	1.493944988633	-8.886698349050
909	-17.128099754318	6.725675454609	-3.471590537076
910	-21.555862817000	4.240997596697	11.946060857629
911	1.601204650998	-8.903611383064	-4.223648361068
912	2.112304956763	-14.498465314279	13.151625546071
913	-2.664188899089	8.774394135984	11.716905726596
914	-6.850512805964	11.044005323784	14.825726980102
915	4.771794775634	-3.311458541215	1.284657644193
916	1.517667748564	-4.846474089327	-16.295677309687
917	-0.067242580718	4.917638168941	4.687106624797
918	3.947499361541	-4.007689177955	-3.498345617408
919	11.114284403492	5.560932045750	-2.181541178087
920	-1.197527591852	4.721170531672	-5.731907015382
921	-7.093495546846	11.188246481897	10.106140844420
922	-11.944505581712	12.622121558487	-6.235436709589
923	-9.461002528799	4.028858976492	3.692590981651
924	-5.018161327790	-5.907634158037	23.330541310707
925	-10.710509932424	-4.291061197154	0.129949096451
926	-23.302459332364	-8.249502838977	-1.024319157634
927	15.897449197854	14.596308497770	-7.775574105938
928	8.745839225046	0.856447659256	-1.049823423928
929	-0.995981707309	13.333567369345	8.866541086984
930	-1.030318132796	14.281618584508	2.328720871802
931	5.836594844401	4.869387374334	-0.297889502572
932	-4.566142184285	0.668824358447	2.746193224423
933	-10.134302879398	-2.273524845383	-0.746867711367
934	2.810795164141	4.061236600949	-1.034159709373
935	-2.141334553403	-12.148286538683	-18.488175042462
936	6.481122868835	-2.919201288768	4.155297736593
937	3.895815165879	-11.629540099154	-3.043861054934
938	-15.697208471371	10.809166044333	7.451705359897
939	6.439516166257	7.051633591273	2.826493137836
940	-4.900203320194	-11.730946177993	-5.785786464965
941	-8.899947990967	-0.864446911962	23.870864890397
942	-23.010086741941	-15.862456136022	5.820333042594
943	-10.356533592710	10.268090740202	0.200097318689
944	16.271584054802	-7.168716698912	8.267157568710
945	-11.257471471806	-10.758859799766	-12.967363879625
946	5.049891910390	13.987516562323	-13.410522441211
947	-1.775495177992	-3.659398550588	-1.165651307445
948	-15.569573798916	-6.483535564534	2.555863070562
949	3.722587826826	9.576824753279	-10.403191805832
950	-2.471422214124	14.082112923259	0.000364619106
951	-15.970241472373	5.564735391039	-9.187118114441
952	3.467703863109	3.761554995899	8.006589491081
953	-1.669987592349	-6.133285121925	-3.616526082411
954	10.410324544163	-3.774599531577	12.634235969217
955	-3.004955213406	-3.732266691126	1.950168894025
956	2.053821100363	-3.521284928002	5.419873140387
957	0.533367811410	-1.558592499023	1.707367947113
958	6.397167144620	7.126169561680	4.011978989682
959	17.389896304793	-8.634137295060	-2.527189417136
960	7.571547101667	1.837113784484	-5.023824623833
961	-3.686506695340	-9.742586437791	9.427910278752
962	1.187339833696	11.286164459504	-18.025059139291
963	-3.691616760214	-0.840960707251	20.537667242338
964	-12.216455058430	1.266774567527	-13.760714362769
965	-12.992230809838	-14.566352560528	-2.036350484467
966	-8.590549609623	-1.246139945119	7.084075481878
967	13.207354436770	-6.757724184229	-1.417438019640
968	-16.298537586738	15.984179296516	7.203547991799
969	0.430903429139	-3.334258615556	-2.652124804074
970	-5.998978130031	-1.408497570335	-15.089305987056
971	7.646571905741	0.862516233189	11.875656282551
972	-11.973054206471	4.113037674100	2.183587604388
973	15.687194491270	0.397832014041	-8.999294062795
974	-1.958339176197	-5.249240076647	10.124479707642
975	-12.215243311407	3.052603768604	-6.426994595752
976	0.305447656567	-7.221398358914	7.198980729223
977	4.055641622397	9.088397317756	-2.829295419309
978	-1.394765356210	-17.558964421086	-3.285729652141
979	-1.147154101638	2.145438345176	-3.296661450376
980	-3.523319557561	-16.771419335784	11.809912454382
981	11.374213269606	-10.895411451812	-7.626198642541
982	1.606932908946	-5.282948952700	7.802775030009
983	-19.017216069013	4.354513907725	1.310948221201
984	-7.263522235591	-8.745199512170	2.860916196436
985	-13.464549747459	-0.603202309647	12.130767950395
986	6.632342608753	3.262829929136	3.874336599588
987	-1.151156058842	5.573891774765	-2.879660125969
988	2.962821719321	8.014202875052	3.462307133017
989	-3.506293912790	0.297260611748	1.495225541202
990	10.451389109207	-14.102312299841	6.415569363506
991	-0.861104390514	5.617004443516	-1.318969353256
992	-0.201822216909	-2.625668465891	3.061625455081
993	-12.566434171379	-25.264263921350	-3.745605824275
994	-0.386216543161	10.952552830323	2.930422473752
995	-14.423148390453	-9.453968570165	0.842821657243
996	2.431439891020	9.035068592218	3.561104530084
997	-16.278062574398	-4.190655900582	8.686597394837
998	-6.494733932991	5.702707773366	-3.022587016176
999	3.484253553951	15.391494593125	-10.567331078707
1000	-16.686653875506	-6.783202362296	-8.148188617843
1001	0.360207143981	-0.600651776443	-1.604692447678
1002	-12.838632015647	2.923796808005	1.711608561244
1003	1.396097548781	0.112807675594	-21.603925885332
1004	-4.051062538040	16.323412463245	-3.676202948751
1005	9.858342929117	-0.665378389242	9.431231811180
1006	2.973050584206	-10.805577578272	-13.633024177142
1007	1.142145549344	-0.234752749926	25.021015184437
1008	-13.970157046582	-2.779721477134	-1.007261582191
1009	0.463282178384	1.715675709823	7.725903313466
1010	-9.465280831589	4.416912309951	1.868296756988
1011	2.909638685570	1.031893976004	14.262124785914
1012	2.790125522034	-3.865173922956	4.633641318644
1013	-4.332329726860	-2.687716204278	6.543482238955
1014	7.860651621207	14.262198691221	-12.193966782740
1015	5.595257783363	-14.023380254621	-14.170042592559
1016	13.605826327601	7.707721765071	-7.643444940644
1017	-3.689617309290	4.588124502986	-19.863497782796
1018	0.590644505505	4.621475722628	2.346630407139
1019	-5.813470800446	-4.273562066802	-1.872471550671
1020	3.786959655675	0.732557475859	-22.392180506066
1021	1.691586393598	-4.358578847727	8.614785867796
1022	12.740101558052	-24.829805315772	-6.673018257209
1023	15.100780317095	10.633117818663	-26.967148279981
1024	-8.484585478249	0.266983366639	-3.462346281511
1025	-1.343641801890	2.773440882913	-4.462649759137
1026	-0.906740269192	9.804791989267	-11.268964466099
1027	-4.232456933425	1.869041756051	-7.203839877225
1028	-5.276959462678	5.611023677199	4.847532558827
1029	-11.045940899675	9.605711150856	-1.061451882246
1030	-8.109796200518	13.331330412336	-5.217753365150
1031	4.783539762633	3.981314962319	1.137515794365
1032	0.212977379534	12.295204680846	0.105327495041
1033	6.224109022790	-1.219986144019	6.370505407990
1034	-3.868884069504	6.824310680789	0.522398677960
1035	6.813801392494	6.125936853150	1.831640579357
1036	-0.590736618963	-0.822521775581	8.295831606769
1037	-6.890654743320	4.225398101516	-6.864405381458
1038	-5.716206099437	-5.927984810235	-5.397034068427
1039	12.681615275464	-5.565463887260	9.451509833837
1040	16.278499409029	-10.184140246721	18.456213398787
1041	3.769295356552	-2.557884112778	1.306943656491
1042	17.734105642844	-3.677708862353	5.341158995635
1043	15.916884246627	-18.055101117881	4.428722755811
1044	-14.632298698628	-10.291961010469	-3.327953401848
1045	-11.624515223950	-2.208585608621	-3.478401844382
1046	5.297634076496	6.307516373125	11.060561210874
1047	7.471142273744	-7.029554189028	8.774119744170
1048	13.146213957425	7.004123572735	-20.120076901244
1049	-0.949595873992	1.007791172580	-4.628256709551
1050	8.156115501569	-6.169488345780	-6.553105989059
1051	-13.636453230564	11.625705420273	-9.552514041933
1052	9.726960083620	6.020581708908	6.756133777845
1053	5.330000726596	5.352590447107	-4.606004117578
1054	4.472062570486	-4.442717121887	3.516670388998
1055	3.963492319305	13.513478180733	0.069591382636
1056	-5.396407823066	4.280154769228	2.438158889168
1057	4.501983039117	-2.818933304112	-4.045946296402
1058	12.993015199649	-1.135361508615	9.778422091273
1059	-3.267408296062	7.670481090971	6.045896834612
1060	-3.217847120507	-3.314539274066	0.567797089614
1061	16.625242362977	6.002171531294	7.417068467006
1062	2.363916962792	-0.741246508559	-8.667414832193
1063	4.562881522903	-3.057813309838	5.224680711648
1064	8.569012328036	-17.343584442458	-1.138271281957
1065	15.130929764504	0.388487073009	-10.852558817095
1066	16.856983652444	-13.978390309007	5.810132863884
1067	-7.990015778110	0.641899210622	9.199141703674
1068	-15.698054245229	4.521979299633	-0.798022112506
1069	-12.783119285064	7.872906896217	8.923539599664
1070	9.814586274387	-0.728479529228	-1.311985054069
1071	-11.801070486016	10.908559157962	-8.159429126913
1072	4.823001608886	-15.884401218678	-6.953353185684
1073	-1.651705906786	-1.666219982900	6.593053724857
1074	6.361607042311	-2.170560163139	-0.727632854539
1075	4.993859318020	17.010529750161	-2.770087004063
1076	-2.545423587229	-1.146978489429	-11.053129236460
1077	3.077359239805	7.115398507370	-6.915435845024
1078	10.113470386050	21.160451560528	-3.425877323784
1079	0.144275459262	6.112586038418	-9.601327296402
1080	-5.956766520239	-11.073406755150	-16.616999550664
1081	-21.786166091689	2.008571144809	15.288608907272
1082	-2.476773878038	-3.434549976700	-6.992963985903
1083	-15.137362329623	11.620938023357	4.806986057183
1084	-3.895917402944	-13.105877818814	1.384706446799
1085	-3.015033735421	8.481361755603	2.084613270853
1086	-8.126533517064	-7.263869285120	10.423460302222
1087	-8.657585164764	-6.763507664387	12.749511663650
1088	8.913842095620	-3.625445752164	14.094444373578
1089	-10.232096014438	-4.044871058865	5.037526253543
1090	-2.755350925148	-2.558674597906	2.683494897559
1091	-0.907926303783	6.539276860615	-4.898104123455
1092	7.530479434521	-9.047991748762	15.519009740259
1093	7.258741879701	-6.773410586492	3.436669557920
1094	6.081332802638	8.988399226275	19.438143743339
1095	0.192445605284	0.535592187212	11.652398670377
1096	-2.530101423353	-7.788368876450	-5.829551470691
1097	-13.765114533373	-3.387569074323	7.313644153955
1098	22.082408579312	9.568648080578	9.908910202899
1099	10.143817205941	11.261421995351	1.046428465790
1100	-5.611400663026	3.991949586303	-23.222064667788
1101	11.204350965513	3.595886298896	4.807925768567
1102	0.586739315182	-3.105107313523	0.140767476477
1103	-8.171730051438	0.325478017559	-10.595571697797
1104	-0.660769910826	-0.924103853827	-6.961695436109
1105	-3.512376172758	3.701063476586	-1.538566701034
1106	-16.045305050191	-0.629630096967	2.169810451567
1107	-1.275157888180	-1.192341112829	4.191051301013
1108	-4.361643949318	7.928139356892	7.235170552950
1109	26.217089760006	1.881732210223	-4.856954157451
1110	-1.313264505410	-6.074754528421	-25.308314613742
1111	-0.143505194183	6.769308805246	5.026150843173
1112	-8.819894263937	-2.410363118447	16.112841811841
1113	9.168494259949	-18.450446015005	-7.172290948052
1114	3.457011717393	2.712427401754	-17.656409630334
1115	-6.579931249594	-9.554702824861	-1.281261523079
1116	1.210073594493	-20.139528742016	1.691247923160
1117	-1.167669726978	2.945944788957	-21.602658601799
1118	1.183043121845	-9.656820772648	-11.012192706584
1119	5.248459864470	-9.088744876262	13.672154666333
1120	15.558657468725	-11.714686282777	19.680891460562
1121	-7.558904504441	-10.038113847462	7.718717942496
1122	-7.214044277467	-6.660267660399	1.968917198534
1123	19.532239982048	-7.907352389319	5.935637466477
1124	4.711926227465	3.329017900469	18.586808954534
1125	15.791140725557	-3.279229957784	7.927541574871
1126	-11.077148852508	5.843614217299	-3.721511262274
1127	-1.373277280887	-2.824463481915	12.306113142598
1128	23.158502373106	-5.089622718376	9.290197797234
1129	11.299554817378	-5.175182043520	14.649866484202
1130	-5.045010746835	1.628919182826	6.103125986035
1131	7.003457602782	-5.110027763030	-0.454038850040
1132	6.899742426849	2.904865065705	-12.398133767527
1133	3.033200128595	7.918199161571	1.656601389671
1134	-3.636913290865	-12.337679160626	4.743966367758
1135	2.067320959768	-11.086459752258	-0.716483943618
1136	-4.230756058543	-5.888927748913	-18.892293275785
1137	-6.645285192657	-6.798763683813	-4.473572992781
1138	-9.802650720700	-11.146696494010	-0.271586458241
1139	-4.791951886825	-6.639044995181	1.446084014224
1140	-1.224600773657	17.017600613402	12.281682861616
1141	10.535459891682	11.416653277165	1.331942694410
1142	13.316216185570	9.854453737330	21.357487300541
1143	-4.389173380589	-15.081241303942	-4.972030868060
1144	10.409714240637	-5.293998485241	7.026440258135
1145	-5.662173778677	1.601140301024	-2.663025473242
1146	-9.455499033958	-1.304778333633	6.384509261197
1147	-2.074195770721	13.481416086266	2.078155054632
1148	-12.732965559961	-14.055434281625	4.062444197249
1149	-11.394038190975	11.233983693413	-8.690368767225
1150	13.159883533977	-7.729421029574	2.788180302770
1151	12.669985149420	3.926335321214	-11.778586156847
1152	2.978541805888	-3.955818861805	1.000411142413
1153	-6.078900106693	6.283499279773	-3.114590025530
1154	3.638414663234	-4.081696987679	-2.735528449261
1155	1.556070361507	1.172977266943	5.160129501814
1156	-4.926124167864	-4.019671612287	2.833217106334
1157	5.668490056578	-12.620197855399	-2.252754136381
1158	-14.548645891795	21.420987361012	-8.946938809082
1159	-6.883750833214	12.319416386617	3.499320959730
1160	-16.840446664406	0.907440534185	-7.915720336294
1161	-4.232919226860	-21.226883557580	-0.180297518704
1162	8.677249775048	-0.096589490573	0.339516252020
1163	-7.309455055539	-8.119633618977	-0.150613046647
1164	-10.581723114970	0.007352086814	2.026797022714
1165	-13.160502181111	-19.536100687479	0.866087353968
1166	-9.097100923618	-8.048398170377	-0.877558240859
1167	-1.712003833365	-4.907037026192	0.416728756750
1168	-11.616093373597	-6.944669144148	-3.783451850335
1169	5.652090251786	0.876581984625	4.179534831872
1170	10.085914128350	-4.203065674969	-7.775079005442
1171	13.085191314279	-8.736690200045	-15.788691439151
1172	7.055781172663	2.568045829132	-7.671435372614
1173	-13.720222089611	-2.308941302903	-7.879179494747
1174	-10.864848354587	11.971532551230	-15.290248535565
1175	19.528153743717	-7.136070671133	-10.012252484939
1176	3.747060128123	1.916891720549	5.860493258816
1177	3.804463569674	-1.686666802511	-9.055972000284
1178	0.149564929982	2.737831521713	-9.875881085680
1179	1.470343707495	0.455346680379	-0.607824165350
1180	5.371108528667	9.170689688821	15.712275337693
1181	-9.320499063457	-6.298282603141	-0.457772877065
1182	-0.571506995582	8.800319525303	12.583964579330
1183	-12.759624082694	-3.194537868381	5.585688743301
1184	5.340600298632	0.423429406329	-19.183174906081
1185	-0.865064523956	-7.688309288805	11.256584446861
1186	18.272633103235	-10.823920156223	-4.920845306795
1187	2.377905229449	-2.072330538002	0.778632293634
1188	-0.381692898273	-5.126083508598	8.366282308780
1189	10.269438117654	-7.082429888658	-7.775256194698
1190	0.437734849669	1.708290940773	2.215653767981
1191	-5.428634130258	-6.021689888299	1.275596913640
1192	-3.220779471881	15.792692436733	0.760659821284
1193	0.915828996255	-9.661862129370	1.748299819324
1194	-4.328002743150	7.056295118051	9.131725459182
1195	4.800389818417	-13.995365732492	-12.266194549435
1196	1.703065609628	-6.139571970067	19.147074204808
1197	9.241813133074	22.579421309952	-15.525877854700
1198	-4.294149495937	9.933223841869	-9.060924966552
1199	-12.354831540875	-10.355804436751	16.724258604653
1200	4.181834360218	-1.095224322336	7.673968132016
1201	6.077619958483	-15.340411836785	0.859188566709
1202	-10.930250547092	-7.026783828565	-7.409178556200
1203	6.351770124230	-8.735245985884	0.457579369687
1204	-5.347379342625	-15.987734528346	-4.051321805151
1205	-13.052009394327	-3.172837743660	4.363709302241
1206	7.929339534979	-19.382954648513	16.808456562720
1207	-7.416594651895	-1.991988048585	-5.109547957481
1208	-2.179127162383	0.806578049977	-20.792079509808
1209	7.077981115556	10.116636788446	-9.098645360312
1210	-3.925653894705	4.213597216637	1.991491185003
1211	5.375490235818	-7.817126972127	6.172000517782
1212	14.649858162081	3.721719833440	-14.544835121774
1213	3.632246935787	11.537884184966	-3.015498444386
1214	3.125203820099	9.228603252598	8.460078424619
1215	5.019336642239	-6.982274863657	11.889745281927
1216	4.671349406478	1.347940630372	-0.020860888923
1217	-7.358892440739	1.687133628348	0.821827076620
1218	2.281543314713	-9.347342747836	-6.121211216335
1219	0.052855880251	-11.001376507767	6.800118621339
1220	11.090703627877	3.440789101818	4.543231099342
1221	1.089068940427	-11.580136697230	-7.167392311010
1222	9.377972312597	-15.426834633017	4.298790499603
1223	14.801493394838	-8.761452040100	-14.395880163933
1224	-8.042913425148	4.724042529725	-8.179395181659
1225	6.281738385786	-8.583320354643	-3.254118905250
1226	-9.025278360917	-6.345773859764	-2.534745549019
1227	-1.508748119475	3.240005863241	-8.636586295665
1228	1.974788322820	16.551856472826	-10.592085107601
1229	-13.920066995484	10.227093774463	-14.339576301410
1230	7.175555287237	7.537574656922	-2.186857203749
1231	10.280433781039	-2.137479048509	-3.006276113931
1232	5.081537258778	10.235117005613	-8.734778057051
1233	4.762559272818	1.077295949029	8.253359128784
1234	-14.250986663687	1.490021213381	-12.292935793757
1235	-6.535050083733	11.656410979497	8.182762573907
1236	0.773588600756	4.439488272837	-9.735265053158
1237	5.612885336804	8.098019969084	5.451077859311
1238	-5.599666227238	5.862262835122	-8.246087845724
1239	11.198831579614	-2.170120270305	16.089780512737
1240	-14.268342789958	-7.409533453419	-4.685948673060
1241	-5.827394463774	10.559554697627	-6.010042762009
1242	-10.696443872992	6.828153398844	-0.286116239499
1243	-1.882690825880	-0.149706241347	4.370198545939
1244	-7.612592105390	-12.235489230394	25.346584547602
1245	1.931361301788	-9.590539039930	0.906651798084
1246	0.497118462106	-2.352112269398	-4.228307068351
1247	-1.060201183374	7.486006351166	1.982833078518
1248	6.023992911070	-4.345245886409	0.982191174202
1249	-7.980768180392	1.562818883342	2.262292941116
1250	11.707685594316	-11.516346531993	1.308734801791
1251	-0.444006339334	-3.728019154069	-2.466160703995
1252	5.569440646340	-19.006841588874	-7.126468435863
1253	-8.402879065158	7.848614254942	0.009669027546
1254	-2.897541772422	-19.719927639745	-1.995983510299
1255	-1.197633992014	-5.098160326921	4.748665984240
1256	-0.194969477613	-1.679499183527	-0.211298227150
1257	-2.248343981216	8.040972152840	3.057297385899
1258	11.008314134794	4.680093731755	-14.717166309158
1259	-8.940933160286	5.976946235005	9.064503955913
1260	-7.273166107204	-9.249357611531	2.804931342587
1261	8.196771826827	10.886717970464	-15.592019140028
1262	-16.357542883972	-7.220430448505	-6.178503454137
1263	-5.380277459636	2.090784643770	5.707825507975
1264	-3.843017998091	5.013358138894	-3.142895652254
1265	-8.997796175725	-14.402326630561	-4.873751536434
1266	0.804657076467	-9.079287346669	1.918538745172
1267	10.805463192203	0.349643261129	7.055860989248
1268	1.203309486734	2.683598900620	3.368842147795
1269	-18.903943813070	10.077132335463	9.699512476152
1270	4.092942083280	4.883677756642	-7.331827321970
1271	-0.572044650287	0.561470030655	-2.419452900204
1272	1.850738199042	-3.433994964530	-6.045945544956
1273	-12.533862683359	1.425005008364	-18.143435602820
1274	9.979227086795	4.647123399448	-3.596850517877
1275	9.582748854870	2.739133352564	-5.024058912374
1276	-5.579815979043	13.193451278544	4.795841493670
1277	1.164406527851	9.416455330493	-1.469921114252
1278	1.304975969256	-6.167170682263	-3.538200148324
1279	2.040206061359	-5.608217453116	8.560307610908
1280	16.028657710647	-15.763398307514	-9.428547865660
1281	6.098163816452	-3.163007623058	0.885755191547
1282	3.375546718829	-7.572902670282	16.998526756378
1283	9.137361356590	-9.454610611267	-14.339248951075
1284	1.304522108931	-0.714073016837	0.293460649743
1285	6.368528874466	4.405339091349	-17.599320112646
1286	10.366067048509	-6.533546947806	1.992504231509
1287	-8.928045028686	-16.770310066858	-0.501066710220
1288	-2.033525583280	-3.905212034922	-14.762777622794
1289	2.038419932991	4.740119544408	-1.966140604256
1290	5.054202939832	-1.758085069577	6.443525343456
1291	1.580982141600	-7.678623366643	13.139887041253
1292	-5.948982038229	-6.743654607279	-12.124288428002
1293	-18.573118407782	-0.640421859275	18.643751866492
1294	9.794849239881	2.362116827734	3.334648801504
1295	9.230828198515	12.405375852376	11.095396418157
1296	-5.006419732473	2.726802724423	1.594854640310
1297	14.373405033637	10.469832197268	-9.234152179731
1298	15.236370261839	-6.143575375581	1.824088608732
1299	-0.132408727775	2.352651301599	-9.414458635172
1300	6.380476019596	-5.383701846555	-0.757423190859
1301	4.608688929665	0.264222164092	-8.775015220681
1302	2.881018508277	-0.745784871822	4.789055746060
1303	0.683643537719	3.192797209116	1.658710005418
1304	-2.759608564798	-12.714460096735	3.913762319268
1305	11.180597138006	4.401320025436	0.987998941763
1306	10.956300149874	-6.489913925507	3.214785746740
1307	-8.381891364337	0.453358782106	10.278310658850
1308	-1.807043747668	7.607767427926	-1.591990362676
1309	-15.218868623418	1.396919847940	-5.932417518122
1310	-3.647211880211	-3.273166156166	2.584715961752
1311	1.407495264379	-1.261322050964	5.306715208190
1312	-1.552652195565	6.627385560490	4.418821425848
1313	-9.571792769700	9.994882037020	3.795579814940
1314	1.958147366151	-0.163827336664	1.630575905779
1315	5.388547565290	3.605279966212	9.243533306172
1316	-1.944943972505	10.044228085018	1.097964839251
1317	4.840670274028	-3.220670602952	3.674048385275
1318	-0.360775332522	-1.965057158094	5.582835555936
1319	1.192273801198	4.367982898806	10.517112824578
1320	-6.691720228637	-13.007018447920	5.173441818550
1321	5.780360639291	13.018103226672	-2.467073454968
1322	6.354052673079	10.176473741657	12.137056680997
1323	-11.669522796648	-4.561435016346	3.396299867304
1324	1.455774138019	-13.023370600325	5.675601341869
1325	-6.444291282361	10.632777810783	-5.708169085907
1326	13.223654345969	-5.870043532881	3.951112930666
1327	15.633453589875	-17.057475367059	-18.791375460959
1328	5.717685684966	5.335717643184	1.492674982853
1329	-9.617358865585	-1.521686761359	-16.849003822613
1330	3.162643430988	6.502256274897	3.397814336899
1331	-3.465774937791	-7.076678984788	15.005735528573
1332	-13.700131401659	8.650857594127	5.267755407952
1333	3.790488541876	-6.636560966042	12.884031863298
1334	-11.087094918383	12.706639425545	-12.958662593352
1335	14.686022441211	7.818199123342	0.971740282424
1336	10.022856342322	11.966946754715	1.613542919479
1337	-3.354592586870	13.689218485430	0.853323458863
1338	-3.801702492895	-8.993797114233	2.656573952776
1339	-0.457382442944	5.906894005178	-3.690949744492
1340	6.471250271987	-15.655237755358	13.327385468669
1341	-7.920446363071	11.217823009203	7.316069937073
1342	-11.016861726898	12.682564786141	-15.656745742621
1343	13.747141071866	-7.218649528705	13.191033014343
1344	-1.537438797953	15.681928663536	-7.092293696927
1345	3.491264446294	11.858493399902	8.508847375165
1346	7.884885934503	-12.748590742092	0.223996556605
1347	2.278109943063	3.727441416607	-1.501105766885
1348	5.910858534185	-3.918124860237	-1.792782428608
1349	-10.198450657054	11.021822579784	9.180870966306
1350	-14.562647820987	-1.032298591693	12.621456733229
1351	-8.132723914793	-9.028466887449	5.048451747515
1352	15.141167579047	-4.137714187724	1.282652232412
1353	3.250249124192	-9.961423399543	8.014803256019
1354	-10.744978842814	-1.564291056652	-4.292304050285
1355	-17.581795296440	4.837185235232	-11.852310970464
1356	7.622859182622	0.967740127157	4.894282482369
1357	7.340049114215	-6.102729893363	1.478514033335
1358	-7.010352862126	15.749112956990	-7.921380100741
1359	12.512029374977	8.035052281303	0.011852961563
1360	-5.524306073000	-2.352071157017	5.684858075438
1361	7.111580072017	0.167733143877	17.101324753392
1362	4.910100392645	-4.088689887411	-12.498835516082
1363	-5.680242347179	3.397329252466	-2.645006262463
1364	3.705051952625	3.639495858668	7.575688030084
1365	0.211033742303	-0.934146462829	-5.256425350335
1366	2.926337257134	9.561138182698	6.911947907083
1367	9.933328365131	17.448084553158	2.353127067633
1368	10.727608621093	5.425405857818	-0.009003462237
1369	10.439583690162	1.541966833764	-15.117464309044
1370	-12.189621031199	5.014787225708	18.621894425508
1371	7.613311327771	15.107581177123	-9.302932015099
1372	1.403457383852	3.430793608715	1.775151028238
1373	7.941730921879	-1.591528144301	-3.891701608583
1374	-2.370060671775	-4.844071498923	11.759565958729
1375	-10.126218796175	-2.957146055425	1.613961611140
1376	2.814128277902	9.027729590083	-7.600688725179
1377	5.428072438603	11.865776088892	-6.762136522129
1378	10.121097796081	0.395568883251	-7.625040860936
1379	-4.141421104293	-3.568042327639	-0.751797735651
1380	-1.889688463493	2.426056500983	14.451572218225
1381	-10.195320168185	-5.086611284780	-11.443636203749
1382	3.997294069712	-6.193806112911	4.231544791602
1383	0.092886888813	3.947303612684	5.527202591632
1384	-8.775516473506	-1.381002136107	3.631867261386
1385	11.638317956083	3.468751958067	-0.925933830162
1386	-8.426699686477	6.470189212725	-7.476785096772
1387	3.238231618844	-6.894442714710	3.800471151177
1388	-10.355362193488	3.215731119128	5.162001077346
1389	11.241642401735	7.292011705563	-1.207790102173
1390	7.504389378926	4.827336532617	0.195829182016
1391	-7.267144750765	0.544954319891	-1.744743436455
1392	1.097210555132	-1.232643761558	2.317571955554
1393	5.232338428833	-7.203768224461	3.837537680203
1394	4.678320237878	-6.410077884028	-15.245294836124
1395	-1.378502915103	8.047294210212	-2.313346658377
1396	7.102689396595	14.068212067425	-1.438749234981
1397	-13.265767685986	-4.574194038210	-3.340374734098
1398	3.882318680846	6.784303857478	-7.704441359745
1399	0.592125266363	-8.132694646302	9.555642446729
1400	-5.151764520655	17.540255284875	-16.146268862637
1401	-2.238644616860	7.256633022733	-9.540103840338
1402	-29.356367935674	-3.257168480441	-3.649177642145
1403	-4.294641033883	-4.806510053441	-4.043197765278
1404	10.566116266261	10.329777203088	6.368842255660
1405	5.899195738652	0.672646007173	3.469438841793
1406	11.923611318209	0.743517083361	-13.525690370951
1407	12.202535039987	12.056250225897	5.363398191372
1408	-0.874405060121	12.327148747288	4.303935775596
1409	-3.464656100873	-8.173555157584	-9.732510699857
1410	-6.403638827658	15.271543649496	6.503275219812
1411	-8.311158006425	-2.122012518670	-4.366006519918
1412	-6.729003302827	-10.081097290090	-15.300349258230
1413	1.860934350983	0.715538046230	-5.211645953759
1414	6.658914774217	-3.775012940266	0.166843417555
1415	-10.654173653313	-5.018121044956	4.175374473941
1416	-3.228112327034	-13.701106773593	2.569635561945
1417	-7.730760198496	-11.162698679353	-4.923186849598
1418	-0.804015777628	7.373851266998	11.891254614593
1419	9.312064652538	-3.326790992687	-14.402700107393
1420	-1.231861421832	0.523039006720	-4.903800154673
1421	1.587398833679	4.040539338637	23.584558398088
1422	-0.041811550550	3.543798898314	3.433583162157
1423	-2.022931359254	-16.563091174345	-4.114120997147
1424	-1.858780193299	4.828062055293	-15.878451882724
1425	9.545891317472	-5.105133405439	3.211366721796
1426	4.710124503666	6.622558394346	0.710972022310
1427	-18.104880530349	2.674422814298	-2.074296675309
1428	2.375956516667	-6.469611817019	1.684398191534
1429	-0.063677788626	-7.520464702124	3.329542316244
1430	-7.607202957047	19.954920478476	8.247375025662
1431	0.629074014241	-4.763690100646	12.389801694717
1432	-7.154516555331	-11.221476185967	2.208509586152
1433	-1.788137941630	-2.271524890321	1.806910546625
1434	-9.018740990986	-5.186910160456	-8.401663370328
1435	-4.013128581031	6.298981250917	0.782337736422
1436	-0.242939708455	-11.728234016308	-17.159645835482
1437	-0.065116214472	0.754988621841	-3.381584695453
1438	-1.099391626271	-8.171463200915	-5.617376096980
1439	9.115659924714	20.971824829170	-5.252765240070
1440	-5.829553077573	9.265672238747	-6.485648557107
1441	-4.288143393061	-16.748748219415	5.778301426963
1442	11.091658879285	-0.676802150304	10.440756833837
1443	-4.580348077667	4.381671705979	-10.363476301202
1444	-5.085508062720	-0.821034387925	2.187814706640
1445	9.877629678465	1.071748396958	-14.407944186742
1446	17.179466151121	-4.533322385086	-12.770371075816
1447	5.393722036831	2.666124811690	7.782240049152
1448	-5.786760503194	-3.237966208417	10.891467792112
1449	2.408978334763	5.544025239484	-4.473159746532
1450	11.239187408651	-5.227033323746	-10.429874320383
1451	-0.051909723836	-1.927080484013	-4.642295571356
1452	0.420695729444	10.652923119865	7.722793624022
1453	-4.528462676254	-22.746711398012	-1.106748502878
1454	-4.935387293775	2.989586079992	-12.226072979535
1455	3.193897685608	3.855657675158	15.366495088949
1456	-6.211800259137	0.011042699223	5.714571755112
1457	-10.525085705318	-3.039859373030	-5.039204055444
1458	8.382720839677	3.246456781946	-0.602776679396
1459	7.151326456159	-5.210787294380	1.241458512021
1460	-7.548333993840	-1.972692575570	4.595179360841
1461	21.135730126422	-3.832551522129	13.686110187781
1462	19.127468614271	4.252386366699	18.015053531974
1463	-5.504293936732	3.811713162950	9.318482149647
1464	11.806377070921	-4.593101264220	-13.192840723327
1465	1.631809438571	-11.259112459825	-6.315603895367
1466	-8.978122327526	0.448431585228	0.188926742171
1467	-4.125577927378	1.372526431233	6.522289781379
1468	-0.291478647848	19.768462603840	12.439631580445
1469	-11.502538380457	6.376786306928	-12.769903016705
1470	-7.318437405099	7.149866405023	1.591586546468
1471	-6.902598716429	4.584524333724	-6.480316330304
1472	4.958022781927	7.134052367512	1.963787846007
1473	-8.353370807230	1.798595012130	7.585036300748
1474	11.462772162251	-12.433406386957	9.422615253524
1475	1.824932080270	13.029475033713	5.118123742640
1476	-4.269124910012	-8.626256014872	4.720940433803
1477	0.198494377860	3.605137861465	24.209456839639
1478	-6.198003893590	-2.378665875695	4.957669287804
1479	1.899138991137	-15.351104188991	0.410011723654
1480	-12.455729095714	-3.524640260630	11.781224215012
1481	11.251862384633	9.191833591009	13.443656910201
1482	-16.876881153181	11.801496037228	-7.321576757379
1483	-6.981784510242	3.072330033165	-2.456826770985
1484	-5.593048832685	17.278587653804	4.687032097793
1485	-1.393549951079	19.381490778185	4.461741757549
1486	9.899347033240	16.510652217469	-10.629784293586
1487	-2.990808238048	-10.790631890094	-4.103249743225
1488	-2.641436769455	-2.355641893439	-6.831047088439
1489	-11.259892153067	7.784156359519	4.681993446200
1490	12.393133692203	-10.174308158434	-6.587443453419
1491	6.969969012793	-4.025329034676	1.841600358978
1492	-4.903424294682	7.578872067387	-2.948984760384
1493	2.853747370554	-5.808386537133	10.474697022544
1494	6.272949407763	4.216369496542	4.547251634340
1495	-5.506508721059	12.685658678011	2.752869408103
1496	-1.489174874551	-6.151933372520	-4.909447670245
1497	1.056152675696	7.112663275766	-10.415765957708
1498	-4.596295683189	-8.800011531804	2.784423037983
1499	-14.898765740315	7.532264505235	7.702606408103
1500	-9.882950576515	-25.005064534563	-18.577327193375
1501	-10.879852960581	-4.099970022412	4.574139489059
1502	-24.348090283080	-8.030529333422	-17.360714595828
1503	3.232470204789	-4.713055638932	1.928651802468
1504	-2.935808596319	-13.044441913754	-12.381235032617
1505	-1.663232844117	4.772812736668	6.056316749140
1506	-8.906290302959	-5.619139160758	2.485510253260
1507	8.538576849957	0.673549640593	-7.622252803092
1508	6.545151510394	6.783905793265	-4.137350592143
1509	-0.359956817658	10.903731403814	0.030549288237
1510	0.447133283010	1.754603557466	17.883044371707
1511	-2.948749401697	3.872086983219	25.358221109075
1512	14.944759832893	14.318221895404	-8.717333056578
1513	0.689218356627	-0.855277331369	-7.709236433501
1514	-3.928645518217	10.226076809989	7.252153003250
1515	6.094691127008	13.856288407347	-6.222447340527
1516	6.632491971201	-6.722169314430	13.106117092124
1517	-7.977131259042	3.652301561019	-5.547224181621
1518	-6.221680197362	0.992836625643	-7.516705486186
1519	-15.483048874523	-5.873541120148	2.920314915983
1520	4.347764120866	-10.670124371008	1.690394330028
1521	-1.912159543463	11.331759206433	-17.183350660305
1522	-4.275236198364	3.158114829718	1.467576249229
1523	-0.281886990240	2.585572728070	-4.793557745871
1524	6.557635730356	2.933998403171	-2.487426563287
1525	15.993339622681	-15.945043109623	9.367319186345
1526	-8.684755407687	-9.042623744870	-3.056429215579
1527	-0.226887313230	-10.201842729336	-1.760581559709
1528	17.370636638441	12.699940386957	-5.511145312276
1529	-3.879871811841	2.087051955346	-12.719319884085
1530	-15.199650278847	2.651218358706	-4.653143840980
1531	3.035783041990	-5.724297184361	-4.932502183680
1532	-3.951368107733	8.870520005367	-9.518478120640
1533	-3.809631613534	-11.736968416513	-9.710681669168
1534	1.274326396340	-7.376864031464	-2.224887652406
1535	1.802645390030	-5.427912847632	-1.745469108247
1536	-5.167411317302	11.084807993745	1.283956634210
1537	-4.356972577271	3.776701536623	-7.043576163555
1538	16.402031724650	-5.504796595620	-13.185250305851
1539	-4.252393455270	2.954363676613	11.492412311822
1540	-1.497105690807	0.823753815849	-0.912788674564
1541	-2.314102114592	-14.142212334367	8.001022034582
1542	1.530394332034	-15.548686038267	13.237757105824
1543	1.265836188681	-1.007945696470	-4.850062651291
1544	-1.190530428584	-8.855069612457	-8.117151570619
1545	9.407220057655	-11.070225951794	2.104177401130
1546	-17.887675451189	-6.276903451604	-1.770174340361
1547	2.723945227371	11.416338458710	-2.049233549794
1548	5.284312219906	2.465122183945	-9.641662634397
1549	-2.661803923410	4.070095508863	7.730757242791
1550	-0.176326892450	-3.397599240032	0.561867244934
1551	-4.286043649496	-13.031116171870	-2.785138655146
1552	13.678198032371	-12.432155969765	-16.379045295457
1553	5.517826385748	-15.044837409294	-14.985941989985
1554	6.536090911165	11.359130592710	0.371102146285
1555	7.012809435466	3.797207615972	12.554016325995
1556	-7.136662693979	16.762910947013	15.973741556597
1557	9.512412325088	13.717796892551	3.962380332779
1558	-14.828818790657	-5.435183700461	-3.702159435032
1559	-5.619758206489	-19.266117277864	-2.656264892532
1560	-3.127756745663	-2.445233286613	-13.316571769644
1561	-3.942697495427	13.739165810518	-10.042062699686
1562	5.640633014324	12.595816662024	-6.244735504214
1563	18.964697139159	-16.123982428985	-6.547291048944
1564	-1.533114509171	2.276959854076	6.295152909634
1565	14.546757815073	10.458983246740	-5.976736592275
1566	0.153454758119	-1.450560714545	-2.239160007823
1567	6.851103598076	0.793366694813	2.970293764371
1568	4.298530174761	5.118168050739	-1.036449250688
1569	9.690189220568	22.970672949280	-5.222489339714
1570	-3.814659917514	-2.479613415265	1.964894278034
1571	-21.674172832874	4.959550753638	2.448984083242
1572	5.106756790865	-3.023857552515	-3.218776806229
1573	3.730404061000	-2.116269613251	-10.889579934710
1574	-6.015901138970	2.295477637609	-5.269829243736
1575	0.234584127928	-3.426889823538	2.847229734684
1576	11.987815834537	-4.620993955743	16.409442038834
1577	15.962042985109	0.264913684283	7.458112702786
1578	-9.642087495370	-0.525714440773	-2.475263074719
1579	-0.601590831481	0.971712935491	5.682191173627
1580	-12.482004837692	-5.386041649571	11.882983639726
1581	-5.211996552062	-3.229663832722	-1.881795188333
1582	-14.105525909483	-13.017428715333	11.538810464549
1583	1.661157565836	0.406675939059	2.758527687668
1584	5.140168254772	13.103864879285	4.996321508938
1585	9.751601416645	-2.620714629748	2.788327731528
1586	11.944313625005	6.668560046865	-0.294834890516
1587	2.308260833138	4.731964199951	11.043706062984
1588	-4.435345032635	7.969614519124	-1.878005012536
1589	7.487874013001	-18.682058890718	5.324968149118
1590	-3.201675086266	-2.582405458653	8.678758314676
1591	-10.036324065857	7.459446475150	5.192590752580
1592	-0.224758986591	-6.773973749764	1.009417048144
1593	9.979410631449	10.697397525417	6.951015911354
1594	-13.150299476530	-6.763626436165	4.084794413697
1595	-4.432055757965	19.048162024453	-1.870148381358
1596	-3.017161721550	-3.092371685022	6.950528481330
1597	-9.127237183340	7.761424370252	-2.090794528459
1598	-3.364330352640	-0.210303957744	-8.096177294966
1599	-10.277933308137	9.388921649023	-3.066163253865
1600	1.399623402279	0.720187377087	0.048225676182
1601	0.900017556873	-5.904811277637	-7.569585537020
1602	6.983334056408	-4.096276929003	-4.600916824049
1603	-13.308014813353	-0.564271444830	9.859055951737
1604	-10.278951842095	-3.082653149571	9.576989793038
1605	-1.655775987197	-1.105878932656	13.534149796761
1606	2.133273369931	-4.237753728013	-5.550760898409
1607	1.995293627669	5.344576577100	-1.997188676122
1608	0.794778700939	-4.130481153634	-19.119592799804
1609	-11.914122295816	5.487692588552	-7.370895456442
1610	-12.246640860199	-4.150922220190	-8.192532460770
1611	7.961446517348	-14.323189488964	3.780789611323
1612	-8.133237642145	-1.050683180859	3.924431767074
1613	11.425992378265	-6.054971512661	-13.731398122454
1614	-9.197813232284	7.167584178200	-3.706512707831
1615	-3.706115757663	-8.385036411108	0.152990292037
1616	-2.771329131619	1.884545673542	-6.850329002419
1617	4.940124879531	-5.160952595223	-1.639323867193
1618	-8.500945116633	7.079977841283	1.398897607638
1619	-23.183129476171	-3.496365306096	0.672672848981
1620	-7.214093104955	4.858366880268	-3.245813756378
1621	8.875097947183	7.207701606013	-4.889236309592
1622	-14.353170440871	-8.756258507748	17.912611306569
1623	-12.271552216599	-10.758446922163	-6.158368305832
1624	-2.198407946445	5.362993539117	22.797835973204
1625	-0.278079549590	-14.876712668109	-1.448545819957
1626	-8.480920954080	-7.338707673400	-1.466723378043
1627	-0.131683198027	-3.849225467932	1.872498943851
1628	-3.249707100042	5.839189859367	4.414587304339
1629	-7.453835541952	7.667813204278	-7.262573592483
1630	-9.148175951113	5.012822400658	-3.698419950622
1631	3.657554530217	1.304314219549	-1.237665348420
1632	4.056637410371	6.056829700537	2.005225675290
1633	1.013445194304	0.041225640665	-5.514051536320
1634	-6.061127741374	-18.708394593674	8.822271369685
1635	6.001699094902	7.916206124343	-5.127920678030
1636	-5.760507410919	-1.868993759477	-9.246961376243
1637	15.194068163971	2.143852914906	9.071949946162
1638	6.626124983144	6.641125881893	-4.466878026399
1639	12.808694584376	-2.268521118429	9.224677937035
1640	-21.377643866738	-2.630361617843	2.777249300994
1641	10.446463737178	0.307776682815	-12.841309677898
1642	-6.551823907234	-7.188857567520	-1.453967824461
1643	3.305605590140	15.781116574361	0.662425772860
1644	-16.317390244114	9.591978695378	-11.359467359160
1645	-2.190203698401	14.773656912128	9.436197438339
1646	-0.695806255346	-6.872853592540	0.367605570318
1647	-5.822693577649	4.789492777675	8.220748043407
1648	-9.394382409974	6.063488222042	-2.517548615405
1649	0.490563451550	8.524001472448	-4.735077105767
1650	-11.506121840546	-7.065843742526	12.912618765827
1651	6.568601185306	1.475298185685	10.928071515534
1652	2.078216674534	1.215940949463	1.938077651517
1653	5.262034180468	-5.662635576401	7.236359228920
1654	-12.848783178616	1.260174709180	2.375135970823
1655	15.751061974810	6.127897087437	-13.437413825787
1656	1.443262326694	0.564246005705	-4.641563920405
1657	-1.029066729621	8.983711070524	7.597100753902
1658	-3.146824048604	-0.986742537413	-3.342656814902
1659	7.349422254072	-15.840737207945	8.080457311180
1660	6.922472338977	0.093569168566	11.186175727465
1661	-0.836677486780	10.249630847028	-6.056389364734
1662	-4.123318972807	-1.455709504590	9.977258161835
1663	11.093125239389	-1.762018874118	-9.418548442194
1664	2.666450711573	-12.315796564345	7.417455042500
1665	-13.400101769247	4.250221340924	11.512860389414
1666	-3.209471340319	5.241323748554	2.335278468366
1667	-6.122414949979	0.570204742284	0.092609666386
1668	0.027915204398	-2.412107030859	-0.116684642318
1669	0.110019528636	-15.042204011754	-3.761979718111
1670	-12.401764317000	-3.723302361087	1.969871396425
1671	10.871003669054	-9.283340447466	11.485100062436
1672	15.478231957406	-5.811848271193	3.057926085037
1673	14.513241503515	10.045968207623	-4.996229077100
1674	-0.313103666465	-2.307629709267	-1.766248629389
1675	5.895034049152	2.933755484429	-3.638315117710
1676	-22.191600776863	-8.802886427170	7.219339857081
1677	3.597508945387	1.282562734535	7.720991489059
1678	3.183012236328	-21.477025514192	-1.137715496003
1679	7.749722732416	20.446830730376	8.164621040138
1680	-4.981062995673	-18.198850390075	-10.663401121112
1681	16.566677516214	-0.618818749582	-8.431367766658
1682	7.007027541177	1.366956550629	8.158965936902
1683	-1.848380004821	22.213073370120	-11.114506252523
1684	-0.001440977402	8.815590053026	-2.552308206225
1685	-1.736803322497	13.694160971654	0.412243765598
1686	7.221918850108	-3.437713849465	-0.652233632324
1687	-1.099587147084	13.172559212537	3.641517314335
1688	-1.348415970037	-2.753374429211	-4.572249802090
1689	2.377764465305	2.173695201236	-15.093641694282
1690	-5.274805750935	9.811891523244	-5.542649906913
1691	3.660600313485	8.915110767338	-4.821754171208
1692	0.634025720441	14.260194589478	-8.016821961034
1693	12.279244683737	2.182682559923	9.258102734060
1694	-5.906793798632	5.754278723459	-1.761752078979
1695	-11.546227867588	-11.102564633622	-5.783708923618
1696	-14.682870418081	2.888803767111	-4.663477912109
1697	0.285527518714	6.377643753014	17.135413802487
1698	10.458144941060	4.370341435428	14.702372239389
1699	-7.047978463018	9.240970060679	11.038302796553
1700	-1.043825438552	-5.336855155127	-5.968334765335
1701	10.505130881912	-8.734297964020	5.914360256038
1702	4.318377913697	8.073231503137	15.460641880702
1703	-3.083381907272	-21.115911035943	3.818830708114
1704	2.825499274821	-4.775125372482	-22.630448023168
1705	-5.422196285007	-20.833969916286	-0.923030985086
1706	2.541935806361	-4.931451290260	4.403818740353
1707	14.936752499263	6.273689627254	0.579276016450
1708	-13.679948329227	14.117841076023	2.598307143448
1709	6.775583944216	-7.433988827866	13.482682631921
1710	4.703844559186	0.708362810739	-0.342489241931
1711	10.818961568219	10.336642335992	-1.909513762066
1712	8.733880756775	-2.299113174723	-5.769055140671
1713	-4.162614971295	-3.091852782002	-9.215875667618
1714	-6.215783499603	-18.075026132337	6.585953174119
1715	1.774491254789	4.609452983219	16.584593365547
1716	11.135034416172	13.358026436789	0.987378836075
1717	8.774682238218	3.517216564118	-11.243366817246
1718	-1.376850969012	-10.965091382271	6.129943793964
1719	5.574434448203	-0.654811736273	8.933702736687
1720	9.607781058581	-14.653219594278	-4.345232714105
1721	-2.863151240448	4.162627194546	-10.481047632979
1722	-7.015181544862	1.590411102683	4.927618487585
1723	-9.297269391152	14.196957060887	19.616663398277
1724	20.557532063381	-19.164875644960	-10.688351666390
1725	-7.577219517348	-3.203253159473	-3.013892019540
1726	1.807913128278	-6.451739067047	-3.667898663177
1727	-4.604531118088	16.017915723214	-8.114103328282
1728	-9.149939020012	-20.640844300616	12.505523533637
1729	-5.836115255698	1.244104999756	-14.619211494558
